Grammar

    0 $accept: prog $end

    1 prog: HI
    2     | BYE


Terminals, with rules where they appear

$end (0) 0
error (256)
HI (258) 1
BYE (259) 2


Nonterminals, with rules where they appear

$accept (5)
    on left: 0
prog (6)
    on left: 1 2, on right: 0


state 0

    0 $accept: . prog $end

    HI   shift, and go to state 1
    BYE  shift, and go to state 2

    prog  go to state 3


state 1

    1 prog: HI .

    $default  reduce using rule 1 (prog)


state 2

    2 prog: BYE .

    $default  reduce using rule 2 (prog)


state 3

    0 $accept: prog . $end

    $end  shift, and go to state 4


state 4

    0 $accept: prog $end .

    $default  accept
