Grammar

    0 $accept: prog $end

    1 prog: E

    2 E: STR


Terminals, with rules where they appear

$end (0) 0
error (256)
STR (258) 2


Nonterminals, with rules where they appear

$accept (4)
    on left: 0
prog (5)
    on left: 1, on right: 0
E (6)
    on left: 2, on right: 1


state 0

    0 $accept: . prog $end

    STR  shift, and go to state 1

    prog  go to state 2
    E     go to state 3


state 1

    2 E: STR .

    $default  reduce using rule 2 (E)


state 2

    0 $accept: prog . $end

    $end  shift, and go to state 4


state 3

    1 prog: E .

    $default  reduce using rule 1 (prog)


state 4

    0 $accept: prog $end .

    $default  accept
